<?xml version="1.0" encoding="UTF-8"?>
<level>
    <levelProperties>
        <levelHeight>10</levelHeight>
        <levelWidth>13</levelWidth>
        <populationToLose>20</populationToLose>
        <expectedTime>120</expectedTime>
        <id>1</id>
        <itemInterval>3</itemInterval>
        <ratMinBabies>1</ratMinBabies>
        <ratMaxBabies>3</ratMaxBabies>
        <adultRatSpeed>1000</adultRatSpeed>
        <babyRatSpeed>700</babyRatSpeed>
        <deathRatSpeed>1010</deathRatSpeed>
        <timeElapsed>6</timeElapsed>
        <score>0</score>
        <timeOfDay>day</timeOfDay>
        <timeInterval>60</timeInterval>
        <airstrikeEnabled>true</airstrikeEnabled>
        <costOfAirstrike>40</costOfAirstrike>
        <numOfAirstrikeHits>8</numOfAirstrikeHits>
    </levelProperties>
    <tileSet>
        <tileRow>
            <tile>g</tile>
            <tile>g</tile>
            <tile>g</tile>
            <tile>g</tile>
            <tile>g</tile>
            <tile>g</tile>
            <tile>g</tile>
            <tile>g</tile>
            <tile>g</tile>
            <tile>g</tile>
            <tile>g</tile>
            <tile>g</tile>
            <tile>g</tile>
        </tileRow>
        <tileRow>
            <tile>g</tile>
            <tile>p</tile>
            <tile>g</tile>
            <tile>p</tile>
            <tile>g</tile>
            <tile>p</tile>
            <tile>g</tile>
            <tile>p</tile>
            <tile>p</tile>
            <tile>p</tile>
            <tile>p</tile>
            <tile rat="false false false m 9 15 up">p</tile>
            <tile>g</tile>
        </tileRow>
        <tileRow>
            <tile>g</tile>
            <tile>p</tile>
            <tile>g</tile>
            <tile>p</tile>
            <tile>p</tile>
            <tile>p</tile>
            <tile>g</tile>
            <tile>p</tile>
            <tile>g</tile>
            <tile>g</tile>
            <tile>g</tile>
            <tile>p</tile>
            <tile>g</tile>
        </tileRow>
        <tileRow>
            <tile>g</tile>
            <tile>p</tile>
            <tile>p</tile>
            <tile>p</tile>
            <tile>g</tile>
            <tile>g</tile>
            <tile>g</tile>
            <tile>p</tile>
            <tile>p</tile>
            <tile rat="false false false m 9 15 right">p</tile>
            <tile>p</tile>
            <tile>p</tile>
            <tile>g</tile>
        </tileRow>
        <tileRow>
            <tile>g</tile>
            <tile>p</tile>
            <tile>g</tile>
            <tile rat="false false false m 9 15 up">p</tile>
            <tile>p</tile>
            <tile>p</tile>
            <tile>p</tile>
            <tile>p</tile>
            <tile>g</tile>
            <tile>g</tile>
            <tile>g</tile>
            <tile>p</tile>
            <tile>g</tile>
        </tileRow>
        <tileRow>
            <tile>g</tile>
            <tile>p</tile>
            <tile>g</tile>
            <tile rat="false false false m 9 15 up">p</tile>
            <tile>g</tile>
            <tile>g</tile>
            <tile>g</tile>
            <tile>p</tile>
            <tile>g</tile>
            <tile>p</tile>
            <tile>p</tile>
            <tile>p</tile>
            <tile>g</tile>
        </tileRow>
        <tileRow>
            <tile>g</tile>
            <tile>p</tile>
            <tile>g</tile>
            <tile rat="false false false m 9 15 up">p</tile>
            <tile>g</tile>
            <tile>p</tile>
            <tile>p</tile>
            <tile>p</tile>
            <tile>g</tile>
            <tile>g</tile>
            <tile>g</tile>
            <tile>p</tile>
            <tile>g</tile>
        </tileRow>
        <tileRow>
            <tile>g</tile>
            <tile>p</tile>
            <tile>g</tile>
            <tile>p</tile>
            <tile>g</tile>
            <tile>g</tile>
            <tile>g</tile>
            <tile rat="false false false m 9 15 down">p</tile>
            <tile>g</tile>
            <tile>p</tile>
            <tile>g</tile>
            <tile>p</tile>
            <tile>g</tile>
        </tileRow>
        <tileRow>
            <tile>g</tile>
            <tile>p</tile>
            <tile>p</tile>
            <tile>p</tile>
            <tile>p</tile>
            <tile>p</tile>
            <tile>p</tile>
            <tile>p</tile>
            <tile>p</tile>
            <tile>p</tile>
            <tile>g</tile>
            <tile>p</tile>
            <tile>g</tile>
        </tileRow>
        <tileRow>
            <tile>g</tile>
            <tile>g</tile>
            <tile>g</tile>
            <tile>g</tile>
            <tile>g</tile>
            <tile>g</tile>
            <tile>g</tile>
            <tile>g</tile>
            <tile>g</tile>
            <tile>g</tile>
            <tile>g</tile>
            <tile>g</tile>
            <tile>g</tile>
        </tileRow>
    </tileSet>
    <inventory>
        <item>zombie</item>
        <item>sterile</item>
        <item>bomb</item>
    </inventory>
</level>