<?xml version="1.0" encoding="UTF-8"?><level><levelProperties><levelHeight>0</levelHeight><levelWidth>0</levelWidth><populationToLose>0</populationToLose><expectedTime>0</expectedTime><id>0</id><itemInterval>0</itemInterval><ratMinBabies>0</ratMinBabies><ratMaxBabies>0</ratMaxBabies><adultRatSpeed>0</adultRatSpeed><babyRatSpeed>0</babyRatSpeed><deathRatSpeed>0</deathRatSpeed><timeElapsed>8</timeElapsed><score>0</score></levelProperties><tileSet><tileRow><tile>g</tile><tile>g</tile><tile>g</tile><tile>g</tile><tile>g</tile></tileRow><tileRow><tile>g</tile><tile>g</tile><tile>g</tile><tile>g</tile><tile>g</tile></tileRow><tileRow><tile>g</tile><tile>g</tile><tile>g</tile><tile>g</tile><tile>g</tile></tileRow><tileRow><tile>g</tile><tile>g</tile><tile>g</tile><tile>g</tile><tile>g</tile></tileRow><tileRow><tile>g</tile><tile>g</tile><tile>g</tile><tile>g</tile><tile>g</tile></tileRow></tileSet><inventory><item>sterile</item></inventory></level>