<?xml version="1.0" encoding="UTF-8"?><level><levelProperties><levelHeight>10</levelHeight><levelWidth>13</levelWidth><populationToLose>10</populationToLose><expectedTime>300</expectedTime><id>1</id><itemInterval>4</itemInterval><ratMinBabies>2</ratMinBabies><ratMaxBabies>5</ratMaxBabies><adultRatSpeed>1000</adultRatSpeed><babyRatSpeed>750</babyRatSpeed><deathRatSpeed>600</deathRatSpeed></levelProperties><tileSet><tileRow><tile>g</tile><tile>g</tile><tile>g</tile><tile>g</tile><tile>g</tile><tile>g</tile><tile>g</tile><tile>g</tile><tile>g</tile><tile>g</tile><tile>g</tile><tile>g</tile><tile>g</tile></tileRow><tileRow><tile>g</tile><tile>p</tile><tile>g</tile><tile>p</tile><tile>g</tile><tile>p</tile><tile>g</tile><tile>p</tile><tile>p</tile><tile>p</tile><tile>p</tile><tile>p</tile><tile>g</tile></tileRow><tileRow><tile>g</tile><tile>p</tile><tile>g</tile><tile>p</tile><tile>p</tile><tile>p</tile><tile>g</tile><tile>p</tile><tile>g</tile><tile>g</tile><tile>g</tile><tile>p</tile><tile>g</tile></tileRow><tileRow><tile>g</tile><tile rat="false false false m 5 1 up">p</tile><tile>p</tile><tile>p</tile><tile>g</tile><tile>g</tile><tile>g</tile><tile>p</tile><tile>p</tile><tile>p</tile><tile>p</tile><tile>p</tile><tile>g</tile></tileRow><tileRow><tile>g</tile><tile>p</tile><tile>g</tile><tile>p</tile><tile>p</tile><tile>p</tile><tile>p</tile><tile>p</tile><tile>g</tile><tile>g</tile><tile>g</tile><tile>p</tile><tile>g</tile></tileRow><tileRow><tile>g</tile><tile>p</tile><tile>g</tile><tile>p</tile><tile>g</tile><tile>g</tile><tile>g</tile><tile>p</tile><tile>g</tile><tile>p</tile><tile>p</tile><tile poison="">p</tile><tile>g</tile></tileRow><tileRow><tile>g</tile><tile>p</tile><tile>g</tile><tile>p</tile><tile>g</tile><tile>p</tile><tile>p</tile><tile>p</tile><tile>g</tile><tile>g</tile><tile>g</tile><tile xentry="6 10">p</tile><tile>g</tile></tileRow><tileRow><tile>g</tile><tile>p</tile><tile>g</tile><tile>p</tile><tile>g</tile><tile>g</tile><tile>g</tile><tile>p</tile><tile>g</tile><tile>p</tile><tile>g</tile><tile>p</tile><tile>g</tile></tileRow><tileRow><tile>g</tile><tile>p</tile><tile>p</tile><tile>p</tile><tile>p</tile><tile>p</tile><tile>p</tile><tile>p</tile><tile>p</tile><tile>p</tile><tile>g</tile><tile rat="true false false f 5 2 down">p</tile><tile>g</tile></tileRow><tileRow><tile>g</tile><tile>g</tile><tile>g</tile><tile>g</tile><tile>g</tile><tile>g</tile><tile>g</tile><tile>g</tile><tile>g</tile><tile>g</tile><tile>g</tile><tile>g</tile><tile>g</tile></tileRow></tileSet></level>