<?xml version="1.0"?><level><levelProperties><levelHeight>12</levelHeight><levelWidth>16</levelWidth><populationToLose>15</populationToLose><expectedTime>300</expectedTime><id>4</id><itemInterval>7</itemInterval><ratMinBabies>2</ratMinBabies><ratMaxBabies>4</ratMaxBabies><adultRatSpeed>1000</adultRatSpeed><babyRatSpeed>750</babyRatSpeed><deathRatSpeed>600</deathRatSpeed><timeElapsed>66</timeElapsed><score>0</score><timeOfDay>day</timeOfDay><timeInterval>60</timeInterval><airstrikeEnabled>true</airstrikeEnabled><costOfAirstrike>40</costOfAirstrike><numOfAirstrikeHits>8</numOfAirstrikeHits></levelProperties><tileSet><tileRow><tile>g</tile><tile>g</tile><tile>g</tile><tile>g</tile><tile>g</tile><tile>g</tile><tile>g</tile><tile>g</tile><tile>g</tile><tile>g</tile><tile>g</tile><tile>g</tile><tile>g</tile><tile>g</tile><tile>g</tile><tile>g</tile></tileRow><tileRow><tile>g</tile><tile>p</tile><tile>t</tile><tile>t</tile><tile>p</tile><tile>g</tile><tile>g</tile><tile>g</tile><tile>g</tile><tile>p</tile><tile>t</tile><tile>p</tile><tile>p</tile><tile>p</tile><tile>g</tile><tile>g</tile></tileRow><tileRow><tile>g</tile><tile>p</tile><tile>g</tile><tile>g</tile><tile>p</tile><tile>g</tile><tile>g</tile><tile>g</tile><tile>g</tile><tile>p</tile><tile>g</tile><tile>p</tile><tile>g</tile><tile>p</tile><tile>g</tile><tile>g</tile></tileRow><tileRow><tile>g</tile><tile>p</tile><tile>g</tile><tile>g</tile><tile>p</tile><tile>g</tile><tile>g</tile><tile>g</tile><tile>g</tile><tile rat="true true false f 5 2 up">p</tile><tile>g</tile><tile rat="true false false f 5 2 down">p</tile><tile>g</tile><tile>g</tile><tile>p</tile><tile>g</tile></tileRow><tileRow><tile>g</tile><tile rat="true false false f 5 2 up">p</tile><tile>g</tile><tile>p</tile><tile rat="true false false m 5 2 down">p</tile><tile>p</tile><tile>t</tile><tile>t</tile><tile>t</tile><tile>p</tile><tile>g</tile><tile>p</tile><tile>g</tile><tile>g</tile><tile rat="true false false m 5 2 up">p</tile><tile>g</tile></tileRow><tileRow><tile>g</tile><tile>p</tile><tile>g</tile><tile>p</tile><tile>g</tile><tile>p</tile><tile>g</tile><tile>g</tile><tile>g</tile><tile>p</tile><tile>g</tile><tile>p</tile><tile>g</tile><tile rat="true true false f 5 2 left">p</tile><tile>p</tile><tile>g</tile></tileRow><tileRow><tile>g</tile><tile>p</tile><tile>p</tile><tile>p</tile><tile>g</tile><tile>p</tile><tile>g</tile><tile>g</tile><tile>p</tile><tile>p</tile><tile>g</tile><tile>p</tile><tile>g</tile><tile rat="true false false f 5 2 up">p</tile><tile>g</tile><tile>g</tile></tileRow><tileRow><tile>g</tile><tile>p</tile><tile>g</tile><tile>p</tile><tile>g</tile><tile>g</tile><tile rat="true false false f 5 2 up">p</tile><tile>g</tile><tile>p</tile><tile>g</tile><tile>g</tile><tile rat="true false false f 5 2 down">p</tile><tile>g</tile><tile>p</tile><tile>g</tile><tile>g</tile></tileRow><tileRow><tile>g</tile><tile>p</tile><tile>g</tile><tile>p</tile><tile>g</tile><tile>g</tile><tile>p</tile><tile>g</tile><tile rat="true false false m 5 2 down">p</tile><tile>g</tile><tile>g</tile><tile>p</tile><tile>t</tile><tile>p</tile><tile>g</tile><tile>g</tile></tileRow><tileRow><tile>g</tile><tile>p</tile><tile>g</tile><tile>p</tile><tile>g</tile><tile>g</tile><tile>p</tile><tile>g</tile><tile>p</tile><tile>g</tile><tile>g</tile><tile>p</tile><tile>g</tile><tile>p</tile><tile>g</tile><tile>g</tile></tileRow><tileRow><tile>g</tile><tile>p</tile><tile>p</tile><tile>p</tile><tile>p</tile><tile>t</tile><tile>p</tile><tile rat="true false false m 5 2 right">p</tile><tile rat="true false false f 5 2 down">p</tile><tile>t</tile><tile>p</tile><tile>p</tile><tile>p</tile><tile>p</tile><tile>p</tile><tile>g</tile></tileRow><tileRow><tile>g</tile><tile>g</tile><tile>g</tile><tile>g</tile><tile>g</tile><tile>g</tile><tile>g</tile><tile>g</tile><tile>g</tile><tile>g</tile><tile>g</tile><tile>g</tile><tile>g</tile><tile>g</tile><tile>g</tile><tile>g</tile></tileRow></tileSet><inventory><item>poison</item><item>sterile</item><item>d_rat</item><item>msex</item><item>zombie</item><item>fsex</item><item>sterile</item><item>msex</item><item>bomb</item><item>sterile</item></inventory></level>