<?xml version="1.0"?><level><levelProperties><levelHeight>12</levelHeight><levelWidth>16</levelWidth><populationToLose>15</populationToLose><expectedTime>300</expectedTime><id>3</id><itemInterval>7</itemInterval><ratMinBabies>2</ratMinBabies><ratMaxBabies>4</ratMaxBabies><adultRatSpeed>1000</adultRatSpeed><babyRatSpeed>750</babyRatSpeed><deathRatSpeed>600</deathRatSpeed><timeElapsed>34</timeElapsed><score>0</score></levelProperties><tileSet><tileRow><tile>g</tile><tile>g</tile><tile>g</tile><tile>g</tile><tile>g</tile><tile>g</tile><tile>g</tile><tile>g</tile><tile>g</tile><tile>g</tile><tile>g</tile><tile>g</tile><tile>g</tile><tile>g</tile><tile>g</tile><tile>g</tile></tileRow><tileRow><tile>g</tile><tile>p</tile><tile>t</tile><tile>t</tile><tile>p</tile><tile>g</tile><tile>g</tile><tile>g</tile><tile>g</tile><tile>p</tile><tile>t</tile><tile>p</tile><tile>p</tile><tile>p</tile><tile>g</tile><tile>g</tile></tileRow><tileRow><tile>g</tile><tile>p</tile><tile>g</tile><tile>g</tile><tile>p</tile><tile>g</tile><tile>g</tile><tile>g</tile><tile>g</tile><tile>p</tile><tile>g</tile><tile>p</tile><tile>g</tile><tile>p</tile><tile>g</tile><tile>g</tile></tileRow><tileRow><tile>g</tile><tile rat="true false false f 5 2 up">p</tile><tile>g</tile><tile>g</tile><tile>p</tile><tile>g</tile><tile>g</tile><tile>g</tile><tile>g</tile><tile>p</tile><tile>g</tile><tile>p</tile><tile>g</tile><tile>g</tile><tile>p</tile><tile>g</tile></tileRow><tileRow><tile>g</tile><tile>p</tile><tile>g</tile><tile>p</tile><tile>p</tile><tile>p</tile><tile>t</tile><tile rat="false false false f 5 2 left">t</tile><tile rat="false false false m 5 2 left">t</tile><tile rat="true false false f 5 2 right">p</tile><tile>g</tile><tile>p</tile><tile>g</tile><tile>g</tile><tile rat="true false false m 5 2 up">p</tile><tile>g</tile></tileRow><tileRow><tile>g</tile><tile>p</tile><tile>g</tile><tile>p</tile><tile>g</tile><tile>p</tile><tile>g</tile><tile>g</tile><tile>g</tile><tile>p</tile><tile>g</tile><tile>p</tile><tile>g</tile><tile>p</tile><tile>p</tile><tile>g</tile></tileRow><tileRow><tile>g</tile><tile>p</tile><tile>p</tile><tile>p</tile><tile>g</tile><tile>p</tile><tile>g</tile><tile>g</tile><tile>p</tile><tile>p</tile><tile>g</tile><tile>p</tile><tile>g</tile><tile>p</tile><tile>g</tile><tile>g</tile></tileRow><tileRow><tile>g</tile><tile rat="true false false m 5 2 down">p</tile><tile>g</tile><tile rat="true true false f 5 2 down">p</tile><tile>g</tile><tile>g</tile><tile>p</tile><tile>g</tile><tile rat="true false false m 5 2 down">p</tile><tile>g</tile><tile>g</tile><tile>p</tile><tile>g</tile><tile>p</tile><tile>g</tile><tile>g</tile></tileRow><tileRow><tile>g</tile><tile>p</tile><tile>g</tile><tile rat="true false false m 5 2 up">p</tile><tile>g</tile><tile>g</tile><tile>p</tile><tile>g</tile><tile>p</tile><tile>g</tile><tile>g</tile><tile>p</tile><tile>t</tile><tile>p</tile><tile>g</tile><tile>g</tile></tileRow><tileRow><tile>g</tile><tile>p</tile><tile>g</tile><tile rat="true true false f 5 2 up">p</tile><tile>g</tile><tile>g</tile><tile>p</tile><tile>g</tile><tile>p</tile><tile>g</tile><tile>g</tile><tile>p</tile><tile>g</tile><tile>p</tile><tile>g</tile><tile>g</tile></tileRow><tileRow><tile>g</tile><tile>p</tile><tile>p</tile><tile rat="true false false f 5 2 right">p</tile><tile>p</tile><tile>t</tile><tile>p</tile><tile>p</tile><tile>p</tile><tile>t</tile><tile>p</tile><tile rat="true false false m 5 2 right">p</tile><tile>p</tile><tile>p</tile><tile>p</tile><tile>g</tile></tileRow><tileRow><tile>g</tile><tile>g</tile><tile>g</tile><tile>g</tile><tile>g</tile><tile>g</tile><tile>g</tile><tile>g</tile><tile>g</tile><tile>g</tile><tile>g</tile><tile>g</tile><tile>g</tile><tile>g</tile><tile>g</tile><tile>g</tile></tileRow></tileSet><inventory><item>fsex</item><item>poison</item><item>poison</item><item>d_rat</item><item>d_rat</item></inventory></level>