<?xml version="1.0"?><level><levelProperties><levelHeight>10</levelHeight><levelWidth>13</levelWidth><populationToLose>20</populationToLose><expectedTime>120</expectedTime><id>1</id><itemInterval>3</itemInterval><ratMinBabies>1</ratMinBabies><ratMaxBabies>3</ratMaxBabies><adultRatSpeed>1000</adultRatSpeed><babyRatSpeed>700</babyRatSpeed><deathRatSpeed>1010</deathRatSpeed><timeElapsed>198</timeElapsed><score>0</score></levelProperties><tileSet><tileRow><tile>g</tile><tile>g</tile><tile>g</tile><tile>g</tile><tile>g</tile><tile>g</tile><tile>g</tile><tile>g</tile><tile>g</tile><tile>g</tile><tile>g</tile><tile>g</tile><tile>g</tile></tileRow><tileRow><tile>g</tile><tile>p</tile><tile>g</tile><tile>p</tile><tile>g</tile><tile>p</tile><tile>g</tile><tile>p</tile><tile>p</tile><tile>p</tile><tile>p</tile><tile rat="true false false m 9 15 right">p</tile><tile>g</tile></tileRow><tileRow><tile>g</tile><tile>p</tile><tile>g</tile><tile>p</tile><tile>p</tile><tile>p</tile><tile>g</tile><tile>p</tile><tile>g</tile><tile>g</tile><tile>g</tile><tile>p</tile><tile>g</tile></tileRow><tileRow><tile>g</tile><tile>p</tile><tile>p</tile><tile>p</tile><tile>g</tile><tile>g</tile><tile>g</tile><tile>p</tile><tile>p</tile><tile rat="true false false m 9 15 right">p</tile><tile>p</tile><tile>p</tile><tile>g</tile></tileRow><tileRow><tile>g</tile><tile>p</tile><tile>g</tile><tile>p</tile><tile rat="true false false m 9 15 right">p</tile><tile>p</tile><tile>p</tile><tile>p</tile><tile>g</tile><tile>g</tile><tile>g</tile><tile>p</tile><tile>g</tile></tileRow><tileRow><tile>g</tile><tile>p</tile><tile>g</tile><tile>p</tile><tile>g</tile><tile>g</tile><tile>g</tile><tile>p</tile><tile>g</tile><tile>p</tile><tile>p</tile><tile>p</tile><tile>g</tile></tileRow><tileRow><tile>g</tile><tile>p</tile><tile>g</tile><tile>p</tile><tile>g</tile><tile>p</tile><tile rat="true false false m 9 15 left">p</tile><tile rat="true false false m 9 15 down">p</tile><tile>g</tile><tile>g</tile><tile>g</tile><tile>p</tile><tile>g</tile></tileRow><tileRow><tile>g</tile><tile>p</tile><tile>g</tile><tile>p</tile><tile>g</tile><tile>g</tile><tile>g</tile><tile>p</tile><tile>g</tile><tile>p</tile><tile>g</tile><tile rat="true false false m 9 15 up">p</tile><tile>g</tile></tileRow><tileRow><tile>g</tile><tile>p</tile><tile>p</tile><tile>p</tile><tile>p</tile><tile>p</tile><tile>p</tile><tile>p</tile><tile>p</tile><tile>p</tile><tile>g</tile><tile rat="true false false m 9 15 down">p</tile><tile>g</tile></tileRow><tileRow><tile>g</tile><tile>g</tile><tile>g</tile><tile>g</tile><tile>g</tile><tile>g</tile><tile>g</tile><tile>g</tile><tile>g</tile><tile>g</tile><tile>g</tile><tile>g</tile><tile>g</tile></tileRow></tileSet><inventory><item>fsex</item><item>gas</item><item>xentry</item><item>poison</item><item>xentry</item><item>msex</item><item>zombie</item><item>fsex</item><item>xentry</item><item>fsex</item><item>fsex</item><item>xentry</item><item>fsex</item><item>d_rat</item><item>poison</item><item>msex</item><item>fsex</item><item>fsex</item><item>fsex</item><item>xentry</item><item>xentry</item><item>fsex</item><item>sterile</item><item>gas</item><item>bomb</item><item>sterile</item><item>bomb</item><item>poison</item><item>sterile</item><item>fsex</item><item>fsex</item><item>bomb</item><item>sterile</item><item>xentry</item><item>zombie</item><item>zombie</item><item>sterile</item><item>xentry</item><item>msex</item><item>zombie</item><item>bomb</item><item>bomb</item><item>xentry</item><item>gas</item><item>fsex</item><item>portal</item><item>sterile</item><item>xentry</item><item>poison</item><item>msex</item><item>portal</item><item>bomb</item><item>sterile</item><item>d_rat</item><item>portal</item><item>zombie</item><item>sterile</item><item>d_rat</item><item>poison</item><item>d_rat</item><item>fsex</item><item>d_rat</item><item>fsex</item><item>bomb</item><item>bomb</item><item>poison</item><item>portal</item><item>xentry</item><item>d_rat</item><item>d_rat</item><item>fsex</item><item>zombie</item><item>zombie</item><item>zombie</item><item>d_rat</item><item>gas</item></inventory></level>