<?xml version="1.0" encoding="UTF-8"?><level><levelProperties><levelHeight>12</levelHeight><levelWidth>12</levelWidth><populationToLose>20</populationToLose><expectedTime>90</expectedTime><id>LotsOfRats</id><itemInterval>9</itemInterval><ratMinBabies>3</ratMinBabies><ratMaxBabies>5</ratMaxBabies><adultRatSpeed>700</adultRatSpeed><babyRatSpeed>700</babyRatSpeed><deathRatSpeed>700</deathRatSpeed><timeElapsed>0</timeElapsed><score>0</score><timeOfDay>night</timeOfDay><timeInterval>30</timeInterval><airstrikeEnabled>false</airstrikeEnabled><costOfAirstrike>10</costOfAirstrike><numOfAirstrikeHits>1</numOfAirstrikeHits><allowedItems>bomb,d_rat,poison,msex,sterile,portal,xentry,fsex,gas,zombie</allowedItems></levelProperties><tileSet><tileRow><tile>g</tile><tile>g</tile><tile>g</tile><tile>g</tile><tile>g</tile><tile>g</tile><tile>g</tile><tile>g</tile><tile>g</tile><tile>g</tile><tile>g</tile><tile>g</tile></tileRow><tileRow><tile>g</tile><tile rat="false false false f 9 15 up">p</tile><tile>p</tile><tile>p</tile><tile>p</tile><tile>p</tile><tile>p</tile><tile>p</tile><tile rat="false false false m 9 15 up">p</tile><tile>p</tile><tile>p</tile><tile>g</tile></tileRow><tileRow><tile>g</tile><tile>p</tile><tile rat="false false false f 9 15 up">p</tile><tile>p</tile><tile>g</tile><tile>g</tile><tile>g</tile><tile>g</tile><tile>g</tile><tile>g</tile><tile>p</tile><tile>g</tile></tileRow><tileRow><tile>g</tile><tile>p</tile><tile>p</tile><tile>p</tile><tile>p</tile><tile>p</tile><tile>p</tile><tile rat="false false false m 9 15 up">p</tile><tile>p</tile><tile>p</tile><tile>p</tile><tile>g</tile></tileRow><tileRow><tile>g</tile><tile>p</tile><tile>g</tile><tile>g</tile><tile>g</tile><tile>g</tile><tile>g</tile><tile>g</tile><tile>g</tile><tile>g</tile><tile rat="false false false f 9 15 up">p</tile><tile>g</tile></tileRow><tileRow><tile>g</tile><tile rat="false false false m 9 15 up">p</tile><tile>g</tile><tile>g</tile><tile>g</tile><tile>g</tile><tile>g</tile><tile>g</tile><tile>g</tile><tile>g</tile><tile>p</tile><tile>g</tile></tileRow><tileRow><tile>g</tile><tile>p</tile><tile>p</tile><tile>p</tile><tile>p</tile><tile rat="false false false f 9 15 up">p</tile><tile>p</tile><tile>p</tile><tile>p</tile><tile>g</tile><tile>p</tile><tile>g</tile></tileRow><tileRow><tile>g</tile><tile>g</tile><tile>p</tile><tile>g</tile><tile>g</tile><tile>g</tile><tile>g</tile><tile>g</tile><tile rat="false false false m 9 15 up">p</tile><tile>p</tile><tile rat="false false false m 9 15 up">p</tile><tile>g</tile></tileRow><tileRow><tile>g</tile><tile rat="false false false f 9 15 up">p</tile><tile>p</tile><tile>g</tile><tile>p</tile><tile>p</tile><tile>p</tile><tile>p</tile><tile>g</tile><tile>p</tile><tile>p</tile><tile>g</tile></tileRow><tileRow><tile>g</tile><tile>g</tile><tile>p</tile><tile>g</tile><tile>g</tile><tile>g</tile><tile>g</tile><tile>p</tile><tile rat="false false false m 9 15 up">p</tile><tile>p</tile><tile>p</tile><tile>g</tile></tileRow><tileRow><tile>g</tile><tile>g</tile><tile rat="false false false m 9 15 up">p</tile><tile>p</tile><tile>p</tile><tile rat="false false false f 9 15 up">p</tile><tile>p</tile><tile>p</tile><tile>p</tile><tile>p</tile><tile rat="false false false f 9 15 up">p</tile><tile>g</tile></tileRow><tileRow><tile>g</tile><tile>g</tile><tile>g</tile><tile>g</tile><tile>g</tile><tile>g</tile><tile>g</tile><tile>g</tile><tile>g</tile><tile>g</tile><tile>g</tile><tile>g</tile></tileRow></tileSet></level>