<?xml version="1.0" encoding="UTF-8"?><level><levelProperties><levelHeight>8</levelHeight><levelWidth>8</levelWidth><populationToLose>10</populationToLose><expectedTime>10</expectedTime><id>1</id><itemInterval>10</itemInterval><ratMinBabies>10</ratMinBabies><ratMaxBabies>10</ratMaxBabies><adultRatSpeed>10</adultRatSpeed><babyRatSpeed>10</babyRatSpeed><deathRatSpeed>10</deathRatSpeed><timeElapsed>0</timeElapsed><score>0</score><timeOfDay>both</timeOfDay><timeInterval>10</timeInterval><airstrikeEnabled>true</airstrikeEnabled><costOfAirstrike>10</costOfAirstrike><numOfAirstrikeHits>10</numOfAirstrikeHits></levelProperties><tileSet><tileRow><tile>g</tile><tile>g</tile><tile>g</tile><tile>g</tile><tile>g</tile><tile>g</tile><tile>g</tile><tile>g</tile></tileRow><tileRow><tile>g</tile><tile>g</tile><tile>g</tile><tile>g</tile><tile>g</tile><tile>g</tile><tile>g</tile><tile>g</tile></tileRow><tileRow><tile>g</tile><tile>g</tile><tile>g</tile><tile>g</tile><tile>g</tile><tile>g</tile><tile>g</tile><tile>g</tile></tileRow><tileRow><tile>g</tile><tile>g</tile><tile>p</tile><tile>g</tile><tile>g</tile><tile>p</tile><tile>g</tile><tile>g</tile></tileRow><tileRow><tile>g</tile><tile>g</tile><tile>p</tile><tile>g</tile><tile>g</tile><tile rat="true false false m 9 15 up">p</tile><tile>g</tile><tile>g</tile></tileRow><tileRow><tile>g</tile><tile>g</tile><tile>g</tile><tile>g</tile><tile>g</tile><tile>p</tile><tile>g</tile><tile>g</tile></tileRow><tileRow><tile>g</tile><tile>g</tile><tile>g</tile><tile>g</tile><tile>g</tile><tile>g</tile><tile>g</tile><tile>g</tile></tileRow><tileRow><tile>g</tile><tile>g</tile><tile>g</tile><tile>g</tile><tile>g</tile><tile>g</tile><tile>g</tile><tile>g</tile></tileRow></tileSet></level>