<?xml version="1.0"?><level><levelProperties><levelHeight>12</levelHeight><levelWidth>12</levelWidth><populationToLose>20</populationToLose><expectedTime>300</expectedTime><id>1</id><itemInterval>23</itemInterval><ratMinBabies>2</ratMinBabies><ratMaxBabies>20</ratMaxBabies><adultRatSpeed>2000</adultRatSpeed><babyRatSpeed>1000</babyRatSpeed><deathRatSpeed>3000</deathRatSpeed><timeElapsed>0</timeElapsed><score>0</score><timeOfDay>both</timeOfDay><timeInterval>20</timeInterval><airstrikeEnabled>true</airstrikeEnabled><costOfAirstrike>50</costOfAirstrike><numOfAirstrikeHits>20</numOfAirstrikeHits></levelProperties><tileSet><tileRow><tile>p</tile><tile>p</tile><tile>p</tile><tile>p</tile><tile>p</tile><tile>p</tile><tile>p</tile><tile>p</tile><tile>p</tile><tile>p</tile><tile>p</tile><tile>p</tile></tileRow><tileRow><tile>p</tile><tile>g</tile><tile>p</tile><tile>g</tile><tile>p</tile><tile>g</tile><tile>p</tile><tile>g</tile><tile>p</tile><tile>g</tile><tile>g</tile><tile>p</tile></tileRow><tileRow><tile>t</tile><tile>t</tile><tile>t</tile><tile>t</tile><tile>t</tile><tile>t</tile><tile>t</tile><tile>t</tile><tile>t</tile><tile>t</tile><tile>t</tile><tile>t</tile></tileRow><tileRow><tile>p</tile><tile>g</tile><tile>p</tile><tile>g</tile><tile>p</tile><tile>g</tile><tile>p</tile><tile>g</tile><tile>p</tile><tile>g</tile><tile>g</tile><tile>p</tile></tileRow><tileRow><tile>t</tile><tile>t</tile><tile>t</tile><tile>t</tile><tile>t</tile><tile>t</tile><tile>t</tile><tile>t</tile><tile>t</tile><tile>t</tile><tile>t</tile><tile>p</tile></tileRow><tileRow><tile>p</tile><tile>g</tile><tile>p</tile><tile>g</tile><tile>p</tile><tile>g</tile><tile>p</tile><tile>g</tile><tile>p</tile><tile>g</tile><tile>t</tile><tile>t</tile></tileRow><tileRow><tile>p</tile><tile>g</tile><tile>p</tile><tile>t</tile><tile>t</tile><tile>g</tile><tile>p</tile><tile>g</tile><tile>p</tile><tile>g</tile><tile>g</tile><tile>t</tile></tileRow><tileRow><tile>t</tile><tile>t</tile><tile>t</tile><tile>t</tile><tile>p</tile><tile>t</tile><tile>t</tile><tile>t</tile><tile>t</tile><tile>t</tile><tile>t</tile><tile>t</tile></tileRow><tileRow><tile>p</tile><tile>g</tile><tile>p</tile><tile>g</tile><tile>p</tile><tile>g</tile><tile>p</tile><tile>g</tile><tile>p</tile><tile>g</tile><tile>t</tile><tile>t</tile></tileRow><tileRow><tile>t</tile><tile>t</tile><tile>t</tile><tile>t</tile><tile>t</tile><tile>t</tile><tile>t</tile><tile>t</tile><tile>p</tile><tile>g</tile><tile>t</tile><tile>t</tile></tileRow><tileRow><tile>t</tile><tile>t</tile><tile>p</tile><tile>t</tile><tile>t</tile><tile>t</tile><tile>p</tile><tile>t</tile><tile>t</tile><tile>t</tile><tile>t</tile><tile>t</tile></tileRow><tileRow><tile>p</tile><tile>p</tile><tile>p</tile><tile>p</tile><tile>p</tile><tile>p</tile><tile>p</tile><tile>p</tile><tile>p</tile><tile>p</tile><tile>p</tile><tile>p</tile></tileRow></tileSet></level>