<?xml version="1.0" encoding="UTF-8"?>
<level>
    <levelProperties>
        <levelHeight>15</levelHeight>
        <levelWidth>15</levelWidth>
        <populationToLose>50</populationToLose>
        <expectedTime>200</expectedTime>
        <id>PortalTown</id>
        <itemInterval>3</itemInterval>
        <ratMinBabies>1</ratMinBabies>
        <ratMaxBabies>3</ratMaxBabies>
        <adultRatSpeed>1000</adultRatSpeed>
        <babyRatSpeed>700</babyRatSpeed>
        <deathRatSpeed>1010</deathRatSpeed>
        <timeElapsed>0</timeElapsed>
        <score>0</score>
        <timeOfDay>both</timeOfDay>
        <timeInterval>60</timeInterval>
        <airstrikeEnabled>true</airstrikeEnabled>
        <costOfAirstrike>40</costOfAirstrike>
        <numOfAirstrikeHits>8</numOfAirstrikeHits>
        <allowedItems>d_rat,sterile,gas,portal,zombie,fsex,bomb,xentry,msex</allowedItems>
    </levelProperties>
    <tileSet>
        <tileRow>
            <tile>g</tile>
            <tile>g</tile>
            <tile>g</tile>
            <tile>g</tile>
            <tile>g</tile>
            <tile>g</tile>
            <tile>g</tile>
            <tile>g</tile>
            <tile>g</tile>
            <tile>g</tile>
            <tile>g</tile>
            <tile>g</tile>
            <tile>g</tile>
            <tile>g</tile>
            <tile>g</tile>
        </tileRow>
        <tileRow>
            <tile>g</tile>
            <tile rat="false false false f 9 15 up">p</tile>
            <tile>p</tile>
            <tile>p</tile>
            <tile>p</tile>
            <tile>p</tile>
            <tile>p</tile>
            <tile>p</tile>
            <tile>p</tile>
            <tile>p</tile>
            <tile>p</tile>
            <tile>p</tile>
            <tile sterile="5 false">p</tile>
            <tile>g</tile>
            <tile>g</tile>
        </tileRow>
        <tileRow>
            <tile>g</tile>
            <tile>p</tile>
            <tile>g</tile>
            <tile>p</tile>
            <tile>g</tile>
            <tile>t</tile>
            <tile>g</tile>
            <tile>g</tile>
            <tile>g</tile>
            <tile>g</tile>
            <tile>g</tile>
            <tile>g</tile>
            <tile>p</tile>
            <tile>g</tile>
            <tile>g</tile>
        </tileRow>
        <tileRow>
            <tile>g</tile>
            <tile>p</tile>
            <tile>g</tile>
            <tile>p</tile>
            <tile>g</tile>
            <tile>t</tile>
            <tile>g</tile>
            <tile>g</tile>
            <tile>g</tile>
            <tile>g</tile>
            <tile>g</tile>
            <tile>g</tile>
            <tile>p</tile>
            <tile>g</tile>
            <tile>g</tile>
        </tileRow>
        <tileRow>
            <tile>g</tile>
            <tile>p</tile>
            <tile>g</tile>
            <tile>p</tile>
            <tile>p</tile>
            <tile>p</tile>
            <tile>p</tile>
            <tile>p</tile>
            <tile>p</tile>
            <tile xentry="0 6">p</tile>
            <tile>p</tile>
            <tile>p</tile>
            <tile>t</tile>
            <tile>g</tile>
            <tile>g</tile>
        </tileRow>
        <tileRow>
            <tile>g</tile>
            <tile>p</tile>
            <tile>p</tile>
            <tile>p</tile>
            <tile>g</tile>
            <tile>g</tile>
            <tile>g</tile>
            <tile>t</tile>
            <tile>g</tile>
            <tile>g</tile>
            <tile>g</tile>
            <tile>g</tile>
            <tile>p</tile>
            <tile>g</tile>
            <tile>g</tile>
        </tileRow>
        <tileRow>
            <tile>g</tile>
            <tile>t</tile>
            <tile>g</tile>
            <tile rat="false false false f 9 15 up">p</tile>
            <tile>g</tile>
            <tile>g</tile>
            <tile>g</tile>
            <tile>t</tile>
            <tile>g</tile>
            <tile>g</tile>
            <tile>g</tile>
            <tile>g</tile>
            <tile>p</tile>
            <tile>g</tile>
            <tile>g</tile>
        </tileRow>
        <tileRow>
            <tile>g</tile>
            <tile>p</tile>
            <tile>t</tile>
            <tile>p</tile>
            <tile>g</tile>
            <tile>g</tile>
            <tile>g</tile>
            <tile>t</tile>
            <tile>g</tile>
            <tile>g</tile>
            <tile>g</tile>
            <tile>g</tile>
            <tile>p</tile>
            <tile>g</tile>
            <tile>g</tile>
        </tileRow>
        <tileRow>
            <tile>g</tile>
            <tile>t</tile>
            <tile>g</tile>
            <tile>p</tile>
            <tile>g</tile>
            <tile>g</tile>
            <tile>g</tile>
            <tile>t</tile>
            <tile>g</tile>
            <tile>g</tile>
            <tile>g</tile>
            <tile>g</tile>
            <tile>p</tile>
            <tile>g</tile>
            <tile>g</tile>
        </tileRow>
        <tileRow>
            <tile>g</tile>
            <tile>p</tile>
            <tile>p</tile>
            <tile>p</tile>
            <tile>p</tile>
            <tile>p</tile>
            <tile portal="">p</tile>
            <tile>p</tile>
            <tile>p</tile>
            <tile>p</tile>
            <tile>p</tile>
            <tile>p</tile>
            <tile rat="false false false m 9 15 up">p</tile>
            <tile>g</tile>
            <tile>g</tile>
        </tileRow>
        <tileRow>
            <tile>g</tile>
            <tile>p</tile>
            <tile>g</tile>
            <tile>p</tile>
            <tile>g</tile>
            <tile>g</tile>
            <tile>g</tile>
            <tile>g</tile>
            <tile>g</tile>
            <tile>g</tile>
            <tile>t</tile>
            <tile>g</tile>
            <tile>p</tile>
            <tile>g</tile>
            <tile>g</tile>
        </tileRow>
        <tileRow>
            <tile>g</tile>
            <tile>p</tile>
            <tile>g</tile>
            <tile>p</tile>
            <tile>g</tile>
            <tile>g</tile>
            <tile>g</tile>
            <tile>g</tile>
            <tile>g</tile>
            <tile>g</tile>
            <tile>t</tile>
            <tile>g</tile>
            <tile>p</tile>
            <tile>g</tile>
            <tile>g</tile>
        </tileRow>
        <tileRow>
            <tile>g</tile>
            <tile>p</tile>
            <tile>p</tile>
            <tile rat="false false false m 9 15 up">p</tile>
            <tile>p</tile>
            <tile>p</tile>
            <tile>p</tile>
            <tile>p</tile>
            <tile>p</tile>
            <tile>p</tile>
            <tile>p</tile>
            <tile>p</tile>
            <tile>p</tile>
            <tile>g</tile>
            <tile>g</tile>
        </tileRow>
        <tileRow>
            <tile>g</tile>
            <tile>g</tile>
            <tile>g</tile>
            <tile>g</tile>
            <tile>g</tile>
            <tile>g</tile>
            <tile>g</tile>
            <tile>g</tile>
            <tile>g</tile>
            <tile>g</tile>
            <tile>g</tile>
            <tile>g</tile>
            <tile>g</tile>
            <tile>g</tile>
            <tile>g</tile>
        </tileRow>
        <tileRow>
            <tile>g</tile>
            <tile>g</tile>
            <tile>g</tile>
            <tile>g</tile>
            <tile>g</tile>
            <tile>g</tile>
            <tile>g</tile>
            <tile>g</tile>
            <tile>g</tile>
            <tile>g</tile>
            <tile>g</tile>
            <tile>g</tile>
            <tile>g</tile>
            <tile>g</tile>
            <tile>g</tile>
        </tileRow>
    </tileSet>
</level>