<?xml version="1.0" encoding="UTF-8"?><level><levelProperties><levelHeight>12</levelHeight><levelWidth>12</levelWidth><populationToLose>20</populationToLose><expectedTime>90</expectedTime><id>9999</id><itemInterval>9</itemInterval><ratMinBabies>3</ratMinBabies><ratMaxBabies>5</ratMaxBabies><adultRatSpeed>1500</adultRatSpeed><babyRatSpeed>500</babyRatSpeed><deathRatSpeed>1250</deathRatSpeed><timeElapsed>0</timeElapsed><score>0</score><timeOfDay>both</timeOfDay><timeInterval>60</timeInterval><airstrikeEnabled>false</airstrikeEnabled><costOfAirstrike>50</costOfAirstrike><numOfAirstrikeHits>6</numOfAirstrikeHits></levelProperties><tileSet><tileRow><tile>g</tile><tile>g</tile><tile>g</tile><tile>g</tile><tile>g</tile><tile>g</tile><tile>g</tile><tile>g</tile><tile>g</tile><tile>g</tile><tile>g</tile><tile>g</tile></tileRow><tileRow><tile>g</tile><tile>g</tile><tile>g</tile><tile>g</tile><tile>g</tile><tile>g</tile><tile>g</tile><tile>g</tile><tile>g</tile><tile>g</tile><tile>g</tile><tile>g</tile></tileRow><tileRow><tile>g</tile><tile>g</tile><tile>g</tile><tile>g</tile><tile>g</tile><tile>g</tile><tile>g</tile><tile>g</tile><tile>g</tile><tile>g</tile><tile>g</tile><tile>g</tile></tileRow><tileRow><tile>g</tile><tile>g</tile><tile>g</tile><tile>g</tile><tile>g</tile><tile>g</tile><tile>g</tile><tile>g</tile><tile>g</tile><tile>g</tile><tile>g</tile><tile>g</tile></tileRow><tileRow><tile>g</tile><tile>g</tile><tile>g</tile><tile>g</tile><tile>g</tile><tile>p</tile><tile>p</tile><tile>p</tile><tile>p</tile><tile>p</tile><tile>g</tile><tile>g</tile></tileRow><tileRow><tile>g</tile><tile>g</tile><tile>g</tile><tile>g</tile><tile>g</tile><tile>p</tile><tile rat="true false false m 9 15 up">p</tile><tile>p</tile><tile>p</tile><tile>p</tile><tile>g</tile><tile>g</tile></tileRow><tileRow><tile>g</tile><tile>g</tile><tile>g</tile><tile>g</tile><tile>g</tile><tile>p</tile><tile>p</tile><tile>p</tile><tile rat="true false false f 9 15 up">p</tile><tile>p</tile><tile>g</tile><tile>g</tile></tileRow><tileRow><tile>g</tile><tile>g</tile><tile>g</tile><tile>g</tile><tile>g</tile><tile>p</tile><tile>p</tile><tile>p</tile><tile>p</tile><tile>p</tile><tile>g</tile><tile>g</tile></tileRow><tileRow><tile>g</tile><tile>g</tile><tile>g</tile><tile>g</tile><tile>g</tile><tile>g</tile><tile>g</tile><tile>g</tile><tile>g</tile><tile>g</tile><tile>g</tile><tile>g</tile></tileRow><tileRow><tile>g</tile><tile>g</tile><tile>g</tile><tile>g</tile><tile>g</tile><tile>g</tile><tile>g</tile><tile>g</tile><tile>g</tile><tile>g</tile><tile>g</tile><tile>g</tile></tileRow><tileRow><tile>g</tile><tile>g</tile><tile>g</tile><tile>g</tile><tile>g</tile><tile>g</tile><tile>g</tile><tile>g</tile><tile>g</tile><tile>g</tile><tile>g</tile><tile>g</tile></tileRow><tileRow><tile>g</tile><tile>g</tile><tile>g</tile><tile>g</tile><tile>g</tile><tile>g</tile><tile>g</tile><tile>g</tile><tile>g</tile><tile>g</tile><tile>g</tile><tile>g</tile></tileRow></tileSet></level>